#-----------------------------------------------------------
# Vivado v2020.2 (64-bit)
# SW Build 3064766 on Wed Nov 18 09:12:47 MST 2020
# IP Build 3064653 on Wed Nov 18 14:17:31 MST 2020
# Start of session at: Wed May 14 10:51:26 2025
# Process ID: 1980051
# Current directory: /home/mianoble/Downloads/gmt_tools-main/rand_soc/rand_soc/ip
# Command line: vivado
# Log file: /home/mianoble/Downloads/gmt_tools-main/rand_soc/rand_soc/ip/vivado.log
# Journal file: /home/mianoble/Downloads/gmt_tools-main/rand_soc/rand_soc/ip/vivado.jou
#-----------------------------------------------------------
start_gui
open_project /home/mianoble/Documents/vivado/practice_block_design/practice_block_design.xpr
Scanning sources...
Finished scanning sources
INFO: [IP_Flow 19-234] Refreshing IP repositories
INFO: [IP_Flow 19-1704] No user IP repositories specified
INFO: [IP_Flow 19-2313] Loaded Vivado IP repository '/tools/Xilinx/Vivado/2020.2/data/ip'.
INFO: [IP_Flow 19-3899] Cannot get the environment domain name variable for the component vendor name. Setting the vendor name to 'user.org'.
update_compile_order -fileset sources_1
INFO: [Ipptcl 7-1463] No Compatible Board Interface found. Board Tab not created in customize GUI
INFO: [Ipptcl 7-1463] No Compatible Board Interface found. Board Tab not created in customize GUI
create_ip -name axi_emc -vendor xilinx.com -library ip -version 3.0 -module_name axi_emc_0
set_property -dict [list CONFIG.C_NUM_BANKS_MEM {1}] [get_ips axi_emc_0]
generate_target {instantiation_template} [get_files /home/mianoble/Documents/vivado/practice_block_design/practice_block_design.srcs/sources_1/ip/axi_emc_0/axi_emc_0.xci]
INFO: [IP_Flow 19-1686] Generating 'Instantiation Template' target for IP 'axi_emc_0'...
update_compile_order -fileset sources_1
INFO: [Ipptcl 7-1463] No Compatible Board Interface found. Board Tab not created in customize GUI
